{"projname": "颐澳湾花园", "avgprice": "￥5500"}
{"projname": "朗月华庭", "avgprice": "￥4300"}
{"projname": "天汇湾", "avgprice": "￥5280"}
{"projname": "金富雅苑", "avgprice": "￥4480"}
{"projname": "宏基豪庭", "avgprice": "￥3400"}
{"projname": "丽日名都", "avgprice": "￥5750"}
{"projname": "勤天汇广场", "avgprice": "价格待定"}
{"projname": "美的鹭湖森林度假城", "avgprice": "￥10000"}
{"projname": "中港广场", "avgprice": "￥6200"}
{"projname": "雅然轩", "avgprice": "￥3900"}
{"projname": "美的西海岸花园(东区)", "avgprice": "￥5700"}
{"projname": "美的明湖花园", "avgprice": "价格待定"}
{"projname": "保利心语花园", "avgprice": "价格待定"}
{"projname": "保利公馆", "avgprice": "￥10500"}
{"projname": "华夏陶瓷中央广场", "avgprice": "价格待定"}
{"projname": "岭南天地璟轩", "avgprice": "价格待定"}
{"projname": "依云轩", "avgprice": "价格待定"}
{"projname": "时代云图苑", "avgprice": "价格待定"}
{"projname": "普君新城", "avgprice": "￥19000"}
{"projname": "岭南隽庭", "avgprice": "价格待定"}
{"projname": "颐澳湾花园", "avgprice": "￥5500"}
{"projname": "朗月华庭", "avgprice": "￥4300"}
{"projname": "天汇湾", "avgprice": "￥5280"}
{"projname": "金富雅苑", "avgprice": "￥4480"}
{"projname": "宏基豪庭", "avgprice": "￥3400"}
{"projname": "丽日名都", "avgprice": "￥5750"}
{"projname": "勤天汇广场", "avgprice": "价格待定"}
{"projname": "美的鹭湖森林度假城", "avgprice": "￥10000"}
{"projname": "中港广场", "avgprice": "￥6200"}
{"projname": "雅然轩", "avgprice": "￥3900"}
